<?xml version="1.0" encoding="UTF-8"?>
<testsuite xmlns:xsi="http://www.w3.org/2001/XMLSchema-instance" xsi:noNamespaceSchemaLocation="https://maven.apache.org/surefire/maven-failsafe-plugin/xsd/failsafe-test-report.xsd" name="Set Supporter Level as Key Supporter and verify the details" time="42.553" tests="1" errors="1" skipped="0" failures="0">
  <properties>
    <property name="sun.desktop" value="windows"/>
    <property name="awt.toolkit" value="sun.awt.windows.WToolkit"/>
    <property name="java.specification.version" value="12"/>
    <property name="webdriver.chrome.driver" value="src/test/resources/webdriver/windows/chromedriver.exe"/>
    <property name="sun.cpu.isalist" value="amd64"/>
    <property name="sun.jnu.encoding" value="Cp1252"/>
    <property name="java.class.path" value="C:\Users\bheemk\IdeaProjects\Salesforce\target\test-classes;C:\Users\bheemk\IdeaProjects\Salesforce\target\serenity-cucumber-starter-1.0.0-SNAPSHOT.jar;C:\Users\bheemk\.m2\repository\ch\qos\logback\logback-classic\1.0.13\logback-classic-1.0.13.jar;C:\Users\bheemk\.m2\repository\ch\qos\logback\logback-core\1.0.13\logback-core-1.0.13.jar;C:\Users\bheemk\.m2\repository\org\slf4j\slf4j-api\1.7.5\slf4j-api-1.7.5.jar;C:\Users\bheemk\.m2\repository\net\serenity-bdd\serenity-core\2.0.46\serenity-core-2.0.46.jar;C:\Users\bheemk\.m2\repository\net\bytebuddy\byte-buddy\1.9.12\byte-buddy-1.9.12.jar;C:\Users\bheemk\.m2\repository\net\bytebuddy\byte-buddy-agent\1.9.12\byte-buddy-agent-1.9.12.jar;C:\Users\bheemk\.m2\repository\com\google\guava\guava\25.0-jre\guava-25.0-jre.jar;C:\Users\bheemk\.m2\repository\com\google\code\findbugs\jsr305\1.3.9\jsr305-1.3.9.jar;C:\Users\bheemk\.m2\repository\org\checkerframework\checker-compat-qual\2.0.0\checker-compat-qual-2.0.0.jar;C:\Users\bheemk\.m2\repository\com\google\errorprone\error_prone_annotations\2.1.3\error_prone_annotations-2.1.3.jar;C:\Users\bheemk\.m2\repository\com\google\j2objc\j2objc-annotations\1.1\j2objc-annotations-1.1.jar;C:\Users\bheemk\.m2\repository\org\codehaus\mojo\animal-sniffer-annotations\1.14\animal-sniffer-annotations-1.14.jar;C:\Users\bheemk\.m2\repository\com\google\inject\guice\4.2.2\guice-4.2.2.jar;C:\Users\bheemk\.m2\repository\javax\inject\javax.inject\1\javax.inject-1.jar;C:\Users\bheemk\.m2\repository\aopalliance\aopalliance\1.0\aopalliance-1.0.jar;C:\Users\bheemk\.m2\repository\cglib\cglib\3.2.5\cglib-3.2.5.jar;C:\Users\bheemk\.m2\repository\org\ow2\asm\asm\5.0.3\asm-5.0.3.jar;C:\Users\bheemk\.m2\repository\commons-codec\commons-codec\1.10\commons-codec-1.10.jar;C:\Users\bheemk\.m2\repository\org\objenesis\objenesis\2.6\objenesis-2.6.jar;C:\Users\bheemk\.m2\repository\xml-apis\xml-apis\1.4.01\xml-apis-1.4.01.jar;C:\Users\bheemk\.m2\repository\io\cucumber\cucumber-core\2.4.0\cucumber-core-2.4.0.jar;C:\Users\bheemk\.m2\repository\info\cukes\cucumber-html\0.2.6\cucumber-html-0.2.6.jar;C:\Users\bheemk\.m2\repository\io\cucumber\cucumber-jvm-deps\1.0.6\cucumber-jvm-deps-1.0.6.jar;C:\Users\bheemk\.m2\repository\io\cucumber\gherkin\5.0.0\gherkin-5.0.0.jar;C:\Users\bheemk\.m2\repository\io\cucumber\tag-expressions\1.1.1\tag-expressions-1.1.1.jar;C:\Users\bheemk\.m2\repository\commons-logging\commons-logging\1.2\commons-logging-1.2.jar;C:\Users\bheemk\.m2\repository\io\vavr\vavr\0.9.0\vavr-0.9.0.jar;C:\Users\bheemk\.m2\repository\io\vavr\vavr-match\0.9.0\vavr-match-0.9.0.jar;C:\Users\bheemk\.m2\repository\javax\xml\bind\jaxb-api\2.2.12\jaxb-api-2.2.12.jar;C:\Users\bheemk\.m2\repository\com\sun\xml\bind\jaxb-core\2.3.0.1\jaxb-core-2.3.0.1.jar;C:\Users\bheemk\.m2\repository\com\sun\xml\bind\jaxb-impl\2.3.0.1\jaxb-impl-2.3.0.1.jar;C:\Users\bheemk\.m2\repository\javax\activation\activation\1.1.1\activation-1.1.1.jar;C:\Users\bheemk\.m2\repository\org\mockito\mockito-core\2.25.0\mockito-core-2.25.0.jar;C:\Users\bheemk\.m2\repository\net\serenity-bdd\serenity-report-resources\2.0.46\serenity-report-resources-2.0.46.jar;C:\Users\bheemk\.m2\repository\net\serenity-bdd\serenity-model\2.0.46\serenity-model-2.0.46.jar;C:\Users\bheemk\.m2\repository\commons-net\commons-net\3.6\commons-net-3.6.jar;C:\Users\bheemk\.m2\repository\org\apache\commons\commons-text\1.6\commons-text-1.6.jar;C:\Users\bheemk\.m2\repository\net\serenity-bdd\serenity-reports\2.0.46\serenity-reports-2.0.46.jar;C:\Users\bheemk\.m2\repository\net\serenity-bdd\serenity-stats\2.0.46\serenity-stats-2.0.46.jar;C:\Users\bheemk\.m2\repository\org\jetbrains\kotlin\kotlin-stdlib\1.2.51\kotlin-stdlib-1.2.51.jar;C:\Users\bheemk\.m2\repository\org\jetbrains\kotlin\kotlin-stdlib-common\1.2.51\kotlin-stdlib-common-1.2.51.jar;C:\Users\bheemk\.m2\repository\org\jetbrains\annotations\13.0\annotations-13.0.jar;C:\Users\bheemk\.m2\repository\com\google\code\gson\gson\2.8.4\gson-2.8.4.jar;C:\Users\bheemk\.m2\repository\commons-io\commons-io\2.6\commons-io-2.6.jar;C:\Users\bheemk\.m2\repository\org\seleniumhq\selenium\selenium-server\3.141.59\selenium-server-3.141.59.jar;C:\Users\bheemk\.m2\repository\org\seleniumhq\selenium\selenium-firefox-driver\3.141.59\selenium-firefox-driver-3.141.59.jar;C:\Users\bheemk\.m2\repository\org\seleniumhq\selenium\selenium-ie-driver\3.141.59\selenium-ie-driver-3.141.59.jar;C:\Users\bheemk\.m2\repository\com\beust\jcommander\1.72\jcommander-1.72.jar;C:\Users\bheemk\.m2\repository\org\apache\commons\commons-exec\1.3\commons-exec-1.3.jar;C:\Users\bheemk\.m2\repository\net\jcip\jcip-annotations\1.0\jcip-annotations-1.0.jar;C:\Users\bheemk\.m2\repository\org\seleniumhq\selenium\jetty-repacked\9.4.12.v20180830\jetty-repacked-9.4.12.v20180830.jar;C:\Users\bheemk\.m2\repository\com\squareup\okhttp3\okhttp\3.11.0\okhttp-3.11.0.jar;C:\Users\bheemk\.m2\repository\com\squareup\okio\okio\1.14.0\okio-1.14.0.jar;C:\Users\bheemk\.m2\repository\javax\servlet\javax.servlet-api\3.1.0\javax.servlet-api-3.1.0.jar;C:\Users\bheemk\.m2\repository\org\yaml\snakeyaml\1.19\snakeyaml-1.19.jar;C:\Users\bheemk\.m2\repository\org\seleniumhq\selenium\selenium-java\3.141.59\selenium-java-3.141.59.jar;C:\Users\bheemk\.m2\repository\org\seleniumhq\selenium\selenium-api\3.141.59\selenium-api-3.141.59.jar;C:\Users\bheemk\.m2\repository\org\seleniumhq\selenium\selenium-chrome-driver\3.141.59\selenium-chrome-driver-3.141.59.jar;C:\Users\bheemk\.m2\repository\org\seleniumhq\selenium\selenium-edge-driver\3.141.59\selenium-edge-driver-3.141.59.jar;C:\Users\bheemk\.m2\repository\org\seleniumhq\selenium\selenium-remote-driver\3.141.59\selenium-remote-driver-3.141.59.jar;C:\Users\bheemk\.m2\repository\org\seleniumhq\selenium\selenium-safari-driver\3.141.59\selenium-safari-driver-3.141.59.jar;C:\Users\bheemk\.m2\repository\org\seleniumhq\selenium\selenium-opera-driver\3.141.59\selenium-opera-driver-3.141.59.jar;C:\Users\bheemk\.m2\repository\org\seleniumhq\selenium\selenium-support\3.141.59\selenium-support-3.141.59.jar;C:\Users\bheemk\.m2\repository\com\paulhammant\ngwebdriver\1.1.4\ngwebdriver-1.1.4.jar;C:\Users\bheemk\.m2\repository\com\codeborne\phantomjsdriver\1.4.4\phantomjsdriver-1.4.4.jar;C:\Users\bheemk\.m2\repository\org\eclipse\jetty\jetty-util\9.4.8.v20171121\jetty-util-9.4.8.v20171121.jar;C:\Users\bheemk\.m2\repository\org\eclipse\jetty\jetty-io\9.4.8.v20171121\jetty-io-9.4.8.v20171121.jar;C:\Users\bheemk\.m2\repository\org\seleniumhq\selenium\htmlunit-driver\2.33.1\htmlunit-driver-2.33.1.jar;C:\Users\bheemk\.m2\repository\io\appium\java-client\6.1.0\java-client-6.1.0.jar;C:\Users\bheemk\.m2\repository\commons-validator\commons-validator\1.6\commons-validator-1.6.jar;C:\Users\bheemk\.m2\repository\commons-beanutils\commons-beanutils\1.9.2\commons-beanutils-1.9.2.jar;C:\Users\bheemk\.m2\repository\commons-digester\commons-digester\1.8.1\commons-digester-1.8.1.jar;C:\Users\bheemk\.m2\repository\org\springframework\spring-context\5.0.5.RELEASE\spring-context-5.0.5.RELEASE.jar;C:\Users\bheemk\.m2\repository\org\springframework\spring-aop\5.0.5.RELEASE\spring-aop-5.0.5.RELEASE.jar;C:\Users\bheemk\.m2\repository\org\springframework\spring-beans\5.0.5.RELEASE\spring-beans-5.0.5.RELEASE.jar;C:\Users\bheemk\.m2\repository\org\springframework\spring-core\5.0.5.RELEASE\spring-core-5.0.5.RELEASE.jar;C:\Users\bheemk\.m2\repository\org\springframework\spring-jcl\5.0.5.RELEASE\spring-jcl-5.0.5.RELEASE.jar;C:\Users\bheemk\.m2\repository\org\springframework\spring-expression\5.0.5.RELEASE\spring-expression-5.0.5.RELEASE.jar;C:\Users\bheemk\.m2\repository\org\aspectj\aspectjweaver\1.9.1\aspectjweaver-1.9.1.jar;C:\Users\bheemk\.m2\repository\org\openpnp\opencv\3.2.0-1\opencv-3.2.0-1.jar;C:\Users\bheemk\.m2\repository\org\glassfish\tyrus\tyrus-core\1.13.1\tyrus-core-1.13.1.jar;C:\Users\bheemk\.m2\repository\org\glassfish\tyrus\tyrus-spi\1.13.1\tyrus-spi-1.13.1.jar;C:\Users\bheemk\.m2\repository\javax\websocket\javax.websocket-api\1.1\javax.websocket-api-1.1.jar;C:\Users\bheemk\.m2\repository\org\codehaus\groovy\groovy\2.5.5\groovy-2.5.5.jar;C:\Users\bheemk\.m2\repository\net\sf\opencsv\opencsv\2.0\opencsv-2.0.jar;C:\Users\bheemk\.m2\repository\commons-beanutils\commons-beanutils-core\1.8.3\commons-beanutils-core-1.8.3.jar;C:\Users\bheemk\.m2\repository\joda-time\joda-time\2.7\joda-time-2.7.jar;C:\Users\bheemk\.m2\repository\com\thoughtworks\xstream\xstream\1.4.9\xstream-1.4.9.jar;C:\Users\bheemk\.m2\repository\xmlpull\xmlpull\1.1.3.1\xmlpull-1.1.3.1.jar;C:\Users\bheemk\.m2\repository\xpp3\xpp3_min\1.1.4c\xpp3_min-1.1.4c.jar;C:\Users\bheemk\.m2\repository\org\apache\commons\commons-lang3\3.8.1\commons-lang3-3.8.1.jar;C:\Users\bheemk\.m2\repository\commons-collections\commons-collections\3.2.2\commons-collections-3.2.2.jar;C:\Users\bheemk\.m2\repository\org\freemarker\freemarker\2.3.28\freemarker-2.3.28.jar;C:\Users\bheemk\.m2\repository\net\sourceforge\jexcelapi\jxl\2.6.12\jxl-2.6.12.jar;C:\Users\bheemk\.m2\repository\org\hamcrest\hamcrest-core\1.3\hamcrest-core-1.3.jar;C:\Users\bheemk\.m2\repository\org\hamcrest\hamcrest-library\1.3\hamcrest-library-1.3.jar;C:\Users\bheemk\.m2\repository\net\sourceforge\htmlunit\htmlunit\2.33\htmlunit-2.33.jar;C:\Users\bheemk\.m2\repository\net\sourceforge\htmlunit\htmlunit-core-js\2.33\htmlunit-core-js-2.33.jar;C:\Users\bheemk\.m2\repository\net\sourceforge\htmlunit\neko-htmlunit\2.33\neko-htmlunit-2.33.jar;C:\Users\bheemk\.m2\repository\xerces\xercesImpl\2.12.0\xercesImpl-2.12.0.jar;C:\Users\bheemk\.m2\repository\net\sourceforge\htmlunit\htmlunit-cssparser\1.2.0\htmlunit-cssparser-1.2.0.jar;C:\Users\bheemk\.m2\repository\org\eclipse\jetty\websocket\websocket-client\9.4.12.v20180830\websocket-client-9.4.12.v20180830.jar;C:\Users\bheemk\.m2\repository\org\eclipse\jetty\jetty-client\9.4.12.v20180830\jetty-client-9.4.12.v20180830.jar;C:\Users\bheemk\.m2\repository\org\eclipse\jetty\jetty-http\9.4.12.v20180830\jetty-http-9.4.12.v20180830.jar;C:\Users\bheemk\.m2\repository\org\eclipse\jetty\jetty-xml\9.4.12.v20180830\jetty-xml-9.4.12.v20180830.jar;C:\Users\bheemk\.m2\repository\org\eclipse\jetty\websocket\websocket-common\9.4.12.v20180830\websocket-common-9.4.12.v20180830.jar;C:\Users\bheemk\.m2\repository\org\eclipse\jetty\websocket\websocket-api\9.4.12.v20180830\websocket-api-9.4.12.v20180830.jar;C:\Users\bheemk\.m2\repository\org\apache\httpcomponents\httpclient\4.5.5\httpclient-4.5.5.jar;C:\Users\bheemk\.m2\repository\org\apache\httpcomponents\httpcore\4.4.9\httpcore-4.4.9.jar;C:\Users\bheemk\.m2\repository\org\apache\httpcomponents\httpmime\4.5.5\httpmime-4.5.5.jar;C:\Users\bheemk\.m2\repository\org\fluentlenium\fluentlenium-core\0.10.2\fluentlenium-core-0.10.2.jar;C:\Users\bheemk\.m2\repository\com\jhlabs\filters\2.0.235\filters-2.0.235.jar;C:\Users\bheemk\.m2\repository\org\asciidoctor\asciidoctorj\1.5.6\asciidoctorj-1.5.6.jar;C:\Users\bheemk\.m2\repository\org\jruby\jruby-complete\1.7.26\jruby-complete-1.7.26.jar;C:\Users\bheemk\.m2\repository\org\imgscalr\imgscalr-lib\4.2\imgscalr-lib-4.2.jar;C:\Users\bheemk\.m2\repository\javax\el\javax.el-api\2.2.4\javax.el-api-2.2.4.jar;C:\Users\bheemk\.m2\repository\org\glassfish\web\javax.el\2.2.4\javax.el-2.2.4.jar;C:\Users\bheemk\.m2\repository\xalan\xalan\2.7.2\xalan-2.7.2.jar;C:\Users\bheemk\.m2\repository\xalan\serializer\2.7.2\serializer-2.7.2.jar;C:\Users\bheemk\.m2\repository\org\awaitility\awaitility\3.1.0\awaitility-3.1.0.jar;C:\Users\bheemk\.m2\repository\com\typesafe\config\1.3.1\config-1.3.1.jar;C:\Users\bheemk\.m2\repository\org\jsoup\jsoup\1.10.3\jsoup-1.10.3.jar;C:\Users\bheemk\.m2\repository\com\google\jimfs\jimfs\1.1\jimfs-1.1.jar;C:\Users\bheemk\.m2\repository\es\nitaur\markdown\txtmark\0.16\txtmark-0.16.jar;C:\Users\bheemk\.m2\repository\com\vladsch\flexmark\flexmark-all\0.34.30\flexmark-all-0.34.30.jar;C:\Users\bheemk\.m2\repository\com\vladsch\flexmark\flexmark\0.34.30\flexmark-0.34.30.jar;C:\Users\bheemk\.m2\repository\com\vladsch\flexmark\flexmark-ext-abbreviation\0.34.30\flexmark-ext-abbreviation-0.34.30.jar;C:\Users\bheemk\.m2\repository\com\vladsch\flexmark\flexmark-ext-admonition\0.34.30\flexmark-ext-admonition-0.34.30.jar;C:\Users\bheemk\.m2\repository\com\vladsch\flexmark\flexmark-ext-anchorlink\0.34.30\flexmark-ext-anchorlink-0.34.30.jar;C:\Users\bheemk\.m2\repository\com\vladsch\flexmark\flexmark-ext-aside\0.34.30\flexmark-ext-aside-0.34.30.jar;C:\Users\bheemk\.m2\repository\com\vladsch\flexmark\flexmark-ext-attributes\0.34.30\flexmark-ext-attributes-0.34.30.jar;C:\Users\bheemk\.m2\repository\com\vladsch\flexmark\flexmark-ext-autolink\0.34.30\flexmark-ext-autolink-0.34.30.jar;C:\Users\bheemk\.m2\repository\org\nibor\autolink\autolink\0.6.0\autolink-0.6.0.jar;C:\Users\bheemk\.m2\repository\com\vladsch\flexmark\flexmark-ext-definition\0.34.30\flexmark-ext-definition-0.34.30.jar;C:\Users\bheemk\.m2\repository\com\vladsch\flexmark\flexmark-ext-emoji\0.34.30\flexmark-ext-emoji-0.34.30.jar;C:\Users\bheemk\.m2\repository\com\vladsch\flexmark\flexmark-ext-enumerated-reference\0.34.30\flexmark-ext-enumerated-reference-0.34.30.jar;C:\Users\bheemk\.m2\repository\com\vladsch\flexmark\flexmark-ext-escaped-character\0.34.30\flexmark-ext-escaped-character-0.34.30.jar;C:\Users\bheemk\.m2\repository\com\vladsch\flexmark\flexmark-ext-footnotes\0.34.30\flexmark-ext-footnotes-0.34.30.jar;C:\Users\bheemk\.m2\repository\com\vladsch\flexmark\flexmark-ext-gfm-issues\0.34.30\flexmark-ext-gfm-issues-0.34.30.jar;C:\Users\bheemk\.m2\repository\com\vladsch\flexmark\flexmark-ext-gfm-strikethrough\0.34.30\flexmark-ext-gfm-strikethrough-0.34.30.jar;C:\Users\bheemk\.m2\repository\com\vladsch\flexmark\flexmark-ext-gfm-tables\0.34.30\flexmark-ext-gfm-tables-0.34.30.jar;C:\Users\bheemk\.m2\repository\com\vladsch\flexmark\flexmark-ext-gfm-tasklist\0.34.30\flexmark-ext-gfm-tasklist-0.34.30.jar;C:\Users\bheemk\.m2\repository\com\vladsch\flexmark\flexmark-ext-gfm-users\0.34.30\flexmark-ext-gfm-users-0.34.30.jar;C:\Users\bheemk\.m2\repository\com\vladsch\flexmark\flexmark-ext-gitlab\0.34.30\flexmark-ext-gitlab-0.34.30.jar;C:\Users\bheemk\.m2\repository\com\vladsch\flexmark\flexmark-ext-jekyll-front-matter\0.34.30\flexmark-ext-jekyll-front-matter-0.34.30.jar;C:\Users\bheemk\.m2\repository\com\vladsch\flexmark\flexmark-ext-jekyll-tag\0.34.30\flexmark-ext-jekyll-tag-0.34.30.jar;C:\Users\bheemk\.m2\repository\com\vladsch\flexmark\flexmark-ext-media-tags\0.34.30\flexmark-ext-media-tags-0.34.30.jar;C:\Users\bheemk\.m2\repository\com\vladsch\flexmark\flexmark-test-util\0.34.30\flexmark-test-util-0.34.30.jar;C:\Users\bheemk\.m2\repository\com\vladsch\flexmark\flexmark-ext-ins\0.34.30\flexmark-ext-ins-0.34.30.jar;C:\Users\bheemk\.m2\repository\com\vladsch\flexmark\flexmark-ext-xwiki-macros\0.34.30\flexmark-ext-xwiki-macros-0.34.30.jar;C:\Users\bheemk\.m2\repository\com\vladsch\flexmark\flexmark-ext-superscript\0.34.30\flexmark-ext-superscript-0.34.30.jar;C:\Users\bheemk\.m2\repository\com\vladsch\flexmark\flexmark-ext-tables\0.34.30\flexmark-ext-tables-0.34.30.jar;C:\Users\bheemk\.m2\repository\com\vladsch\flexmark\flexmark-ext-toc\0.34.30\flexmark-ext-toc-0.34.30.jar;C:\Users\bheemk\.m2\repository\com\vladsch\flexmark\flexmark-ext-typographic\0.34.30\flexmark-ext-typographic-0.34.30.jar;C:\Users\bheemk\.m2\repository\com\vladsch\flexmark\flexmark-ext-wikilink\0.34.30\flexmark-ext-wikilink-0.34.30.jar;C:\Users\bheemk\.m2\repository\com\vladsch\flexmark\flexmark-ext-yaml-front-matter\0.34.30\flexmark-ext-yaml-front-matter-0.34.30.jar;C:\Users\bheemk\.m2\repository\com\vladsch\flexmark\flexmark-ext-youtube-embedded\0.34.30\flexmark-ext-youtube-embedded-0.34.30.jar;C:\Users\bheemk\.m2\repository\com\vladsch\flexmark\flexmark-formatter\0.34.30\flexmark-formatter-0.34.30.jar;C:\Users\bheemk\.m2\repository\com\vladsch\flexmark\flexmark-html-parser\0.34.30\flexmark-html-parser-0.34.30.jar;C:\Users\bheemk\.m2\repository\com\vladsch\flexmark\flexmark-jira-converter\0.34.30\flexmark-jira-converter-0.34.30.jar;C:\Users\bheemk\.m2\repository\com\vladsch\flexmark\flexmark-pdf-converter\0.34.30\flexmark-pdf-converter-0.34.30.jar;C:\Users\bheemk\.m2\repository\com\openhtmltopdf\openhtmltopdf-core\0.0.1-RC13\openhtmltopdf-core-0.0.1-RC13.jar;C:\Users\bheemk\.m2\repository\com\openhtmltopdf\openhtmltopdf-pdfbox\0.0.1-RC13\openhtmltopdf-pdfbox-0.0.1-RC13.jar;C:\Users\bheemk\.m2\repository\org\apache\pdfbox\pdfbox\2.0.8\pdfbox-2.0.8.jar;C:\Users\bheemk\.m2\repository\org\apache\pdfbox\fontbox\2.0.8\fontbox-2.0.8.jar;C:\Users\bheemk\.m2\repository\org\apache\pdfbox\xmpbox\2.0.8\xmpbox-2.0.8.jar;C:\Users\bheemk\.m2\repository\de\rototor\pdfbox\graphics2d\0.12\graphics2d-0.12.jar;C:\Users\bheemk\.m2\repository\com\openhtmltopdf\openhtmltopdf-rtl-support\0.0.1-RC13\openhtmltopdf-rtl-support-0.0.1-RC13.jar;C:\Users\bheemk\.m2\repository\com\ibm\icu\icu4j\59.1\icu4j-59.1.jar;C:\Users\bheemk\.m2\repository\com\openhtmltopdf\openhtmltopdf-jsoup-dom-converter\0.0.1-RC13\openhtmltopdf-jsoup-dom-converter-0.0.1-RC13.jar;C:\Users\bheemk\.m2\repository\com\vladsch\flexmark\flexmark-profile-pegdown\0.34.30\flexmark-profile-pegdown-0.34.30.jar;C:\Users\bheemk\.m2\repository\com\vladsch\flexmark\flexmark-util\0.34.30\flexmark-util-0.34.30.jar;C:\Users\bheemk\.m2\repository\com\vladsch\flexmark\flexmark-youtrack-converter\0.34.30\flexmark-youtrack-converter-0.34.30.jar;C:\Users\bheemk\.m2\repository\net\serenity-bdd\serenity-junit\2.0.46\serenity-junit-2.0.46.jar;C:\Users\bheemk\.m2\repository\net\serenity-bdd\serenity-screenplay\2.0.46\serenity-screenplay-2.0.46.jar;C:\Users\bheemk\.m2\repository\uk\com\robust-it\cloning\1.9.10\cloning-1.9.10.jar;C:\Users\bheemk\.m2\repository\net\serenity-bdd\serenity-screenplay-webdriver\2.0.46\serenity-screenplay-webdriver-2.0.46.jar;C:\Users\bheemk\.m2\repository\net\serenity-bdd\serenity-cucumber\1.9.35\serenity-cucumber-1.9.35.jar;C:\Users\bheemk\.m2\repository\io\cucumber\cucumber-java\2.4.0\cucumber-java-2.4.0.jar;C:\Users\bheemk\.m2\repository\io\cucumber\cucumber-junit\2.4.0\cucumber-junit-2.4.0.jar;C:\Users\bheemk\.m2\repository\org\apache\commons\commons-csv\1.5\commons-csv-1.5.jar;C:\Users\bheemk\.m2\repository\junit\junit\4.12\junit-4.12.jar;C:\Users\bheemk\.m2\repository\org\assertj\assertj-core\3.6.2\assertj-core-3.6.2.jar;C:\Users\bheemk\.m2\repository\io\rest-assured\rest-assured\3.0.0\rest-assured-3.0.0.jar;C:\Users\bheemk\.m2\repository\org\codehaus\groovy\groovy-xml\2.4.6\groovy-xml-2.4.6.jar;C:\Users\bheemk\.m2\repository\org\ccil\cowan\tagsoup\tagsoup\1.2.1\tagsoup-1.2.1.jar;C:\Users\bheemk\.m2\repository\io\rest-assured\json-path\3.0.0\json-path-3.0.0.jar;C:\Users\bheemk\.m2\repository\org\codehaus\groovy\groovy-json\2.4.6\groovy-json-2.4.6.jar;C:\Users\bheemk\.m2\repository\io\rest-assured\rest-assured-common\3.0.0\rest-assured-common-3.0.0.jar;C:\Users\bheemk\.m2\repository\io\rest-assured\xml-path\3.0.0\xml-path-3.0.0.jar;C:\Users\bheemk\.m2\repository\org\hamcrest\hamcrest-all\1.3\hamcrest-all-1.3.jar;"/>
    <property name="java.vm.vendor" value="Oracle Corporation"/>
    <property name="sun.arch.data.model" value="64"/>
    <property name="user.variant" value=""/>
    <property name="java.vendor.url" value="https://java.oracle.com/"/>
    <property name="user.timezone" value="Australia/Sydney"/>
    <property name="os.name" value="Windows Server 2016"/>
    <property name="java.vm.specification.version" value="12"/>
    <property name="sun.java.launcher" value="SUN_STANDARD"/>
    <property name="user.country" value="AU"/>
    <property name="sun.boot.library.path" value="C:\Program Files\Java\jdk-12.0.1\bin"/>
    <property name="sun.java.command" value="C:\Users\bheemk\AppData\Local\Temp\2\surefire5420869611672838478\surefirebooter11653875454031457401.jar C:\Users\bheemk\AppData\Local\Temp\2\surefire5420869611672838478 2019-06-07T16-49-00_323-jvmRun1 surefire599870100651026071tmp surefire_04107334463114671852tmp"/>
    <property name="jdk.debug" value="release"/>
    <property name="surefire.test.class.path" value="C:\Users\bheemk\IdeaProjects\Salesforce\target\test-classes;C:\Users\bheemk\IdeaProjects\Salesforce\target\serenity-cucumber-starter-1.0.0-SNAPSHOT.jar;C:\Users\bheemk\.m2\repository\ch\qos\logback\logback-classic\1.0.13\logback-classic-1.0.13.jar;C:\Users\bheemk\.m2\repository\ch\qos\logback\logback-core\1.0.13\logback-core-1.0.13.jar;C:\Users\bheemk\.m2\repository\org\slf4j\slf4j-api\1.7.5\slf4j-api-1.7.5.jar;C:\Users\bheemk\.m2\repository\net\serenity-bdd\serenity-core\2.0.46\serenity-core-2.0.46.jar;C:\Users\bheemk\.m2\repository\net\bytebuddy\byte-buddy\1.9.12\byte-buddy-1.9.12.jar;C:\Users\bheemk\.m2\repository\net\bytebuddy\byte-buddy-agent\1.9.12\byte-buddy-agent-1.9.12.jar;C:\Users\bheemk\.m2\repository\com\google\guava\guava\25.0-jre\guava-25.0-jre.jar;C:\Users\bheemk\.m2\repository\com\google\code\findbugs\jsr305\1.3.9\jsr305-1.3.9.jar;C:\Users\bheemk\.m2\repository\org\checkerframework\checker-compat-qual\2.0.0\checker-compat-qual-2.0.0.jar;C:\Users\bheemk\.m2\repository\com\google\errorprone\error_prone_annotations\2.1.3\error_prone_annotations-2.1.3.jar;C:\Users\bheemk\.m2\repository\com\google\j2objc\j2objc-annotations\1.1\j2objc-annotations-1.1.jar;C:\Users\bheemk\.m2\repository\org\codehaus\mojo\animal-sniffer-annotations\1.14\animal-sniffer-annotations-1.14.jar;C:\Users\bheemk\.m2\repository\com\google\inject\guice\4.2.2\guice-4.2.2.jar;C:\Users\bheemk\.m2\repository\javax\inject\javax.inject\1\javax.inject-1.jar;C:\Users\bheemk\.m2\repository\aopalliance\aopalliance\1.0\aopalliance-1.0.jar;C:\Users\bheemk\.m2\repository\cglib\cglib\3.2.5\cglib-3.2.5.jar;C:\Users\bheemk\.m2\repository\org\ow2\asm\asm\5.0.3\asm-5.0.3.jar;C:\Users\bheemk\.m2\repository\commons-codec\commons-codec\1.10\commons-codec-1.10.jar;C:\Users\bheemk\.m2\repository\org\objenesis\objenesis\2.6\objenesis-2.6.jar;C:\Users\bheemk\.m2\repository\xml-apis\xml-apis\1.4.01\xml-apis-1.4.01.jar;C:\Users\bheemk\.m2\repository\io\cucumber\cucumber-core\2.4.0\cucumber-core-2.4.0.jar;C:\Users\bheemk\.m2\repository\info\cukes\cucumber-html\0.2.6\cucumber-html-0.2.6.jar;C:\Users\bheemk\.m2\repository\io\cucumber\cucumber-jvm-deps\1.0.6\cucumber-jvm-deps-1.0.6.jar;C:\Users\bheemk\.m2\repository\io\cucumber\gherkin\5.0.0\gherkin-5.0.0.jar;C:\Users\bheemk\.m2\repository\io\cucumber\tag-expressions\1.1.1\tag-expressions-1.1.1.jar;C:\Users\bheemk\.m2\repository\commons-logging\commons-logging\1.2\commons-logging-1.2.jar;C:\Users\bheemk\.m2\repository\io\vavr\vavr\0.9.0\vavr-0.9.0.jar;C:\Users\bheemk\.m2\repository\io\vavr\vavr-match\0.9.0\vavr-match-0.9.0.jar;C:\Users\bheemk\.m2\repository\javax\xml\bind\jaxb-api\2.2.12\jaxb-api-2.2.12.jar;C:\Users\bheemk\.m2\repository\com\sun\xml\bind\jaxb-core\2.3.0.1\jaxb-core-2.3.0.1.jar;C:\Users\bheemk\.m2\repository\com\sun\xml\bind\jaxb-impl\2.3.0.1\jaxb-impl-2.3.0.1.jar;C:\Users\bheemk\.m2\repository\javax\activation\activation\1.1.1\activation-1.1.1.jar;C:\Users\bheemk\.m2\repository\org\mockito\mockito-core\2.25.0\mockito-core-2.25.0.jar;C:\Users\bheemk\.m2\repository\net\serenity-bdd\serenity-report-resources\2.0.46\serenity-report-resources-2.0.46.jar;C:\Users\bheemk\.m2\repository\net\serenity-bdd\serenity-model\2.0.46\serenity-model-2.0.46.jar;C:\Users\bheemk\.m2\repository\commons-net\commons-net\3.6\commons-net-3.6.jar;C:\Users\bheemk\.m2\repository\org\apache\commons\commons-text\1.6\commons-text-1.6.jar;C:\Users\bheemk\.m2\repository\net\serenity-bdd\serenity-reports\2.0.46\serenity-reports-2.0.46.jar;C:\Users\bheemk\.m2\repository\net\serenity-bdd\serenity-stats\2.0.46\serenity-stats-2.0.46.jar;C:\Users\bheemk\.m2\repository\org\jetbrains\kotlin\kotlin-stdlib\1.2.51\kotlin-stdlib-1.2.51.jar;C:\Users\bheemk\.m2\repository\org\jetbrains\kotlin\kotlin-stdlib-common\1.2.51\kotlin-stdlib-common-1.2.51.jar;C:\Users\bheemk\.m2\repository\org\jetbrains\annotations\13.0\annotations-13.0.jar;C:\Users\bheemk\.m2\repository\com\google\code\gson\gson\2.8.4\gson-2.8.4.jar;C:\Users\bheemk\.m2\repository\commons-io\commons-io\2.6\commons-io-2.6.jar;C:\Users\bheemk\.m2\repository\org\seleniumhq\selenium\selenium-server\3.141.59\selenium-server-3.141.59.jar;C:\Users\bheemk\.m2\repository\org\seleniumhq\selenium\selenium-firefox-driver\3.141.59\selenium-firefox-driver-3.141.59.jar;C:\Users\bheemk\.m2\repository\org\seleniumhq\selenium\selenium-ie-driver\3.141.59\selenium-ie-driver-3.141.59.jar;C:\Users\bheemk\.m2\repository\com\beust\jcommander\1.72\jcommander-1.72.jar;C:\Users\bheemk\.m2\repository\org\apache\commons\commons-exec\1.3\commons-exec-1.3.jar;C:\Users\bheemk\.m2\repository\net\jcip\jcip-annotations\1.0\jcip-annotations-1.0.jar;C:\Users\bheemk\.m2\repository\org\seleniumhq\selenium\jetty-repacked\9.4.12.v20180830\jetty-repacked-9.4.12.v20180830.jar;C:\Users\bheemk\.m2\repository\com\squareup\okhttp3\okhttp\3.11.0\okhttp-3.11.0.jar;C:\Users\bheemk\.m2\repository\com\squareup\okio\okio\1.14.0\okio-1.14.0.jar;C:\Users\bheemk\.m2\repository\javax\servlet\javax.servlet-api\3.1.0\javax.servlet-api-3.1.0.jar;C:\Users\bheemk\.m2\repository\org\yaml\snakeyaml\1.19\snakeyaml-1.19.jar;C:\Users\bheemk\.m2\repository\org\seleniumhq\selenium\selenium-java\3.141.59\selenium-java-3.141.59.jar;C:\Users\bheemk\.m2\repository\org\seleniumhq\selenium\selenium-api\3.141.59\selenium-api-3.141.59.jar;C:\Users\bheemk\.m2\repository\org\seleniumhq\selenium\selenium-chrome-driver\3.141.59\selenium-chrome-driver-3.141.59.jar;C:\Users\bheemk\.m2\repository\org\seleniumhq\selenium\selenium-edge-driver\3.141.59\selenium-edge-driver-3.141.59.jar;C:\Users\bheemk\.m2\repository\org\seleniumhq\selenium\selenium-remote-driver\3.141.59\selenium-remote-driver-3.141.59.jar;C:\Users\bheemk\.m2\repository\org\seleniumhq\selenium\selenium-safari-driver\3.141.59\selenium-safari-driver-3.141.59.jar;C:\Users\bheemk\.m2\repository\org\seleniumhq\selenium\selenium-opera-driver\3.141.59\selenium-opera-driver-3.141.59.jar;C:\Users\bheemk\.m2\repository\org\seleniumhq\selenium\selenium-support\3.141.59\selenium-support-3.141.59.jar;C:\Users\bheemk\.m2\repository\com\paulhammant\ngwebdriver\1.1.4\ngwebdriver-1.1.4.jar;C:\Users\bheemk\.m2\repository\com\codeborne\phantomjsdriver\1.4.4\phantomjsdriver-1.4.4.jar;C:\Users\bheemk\.m2\repository\org\eclipse\jetty\jetty-util\9.4.8.v20171121\jetty-util-9.4.8.v20171121.jar;C:\Users\bheemk\.m2\repository\org\eclipse\jetty\jetty-io\9.4.8.v20171121\jetty-io-9.4.8.v20171121.jar;C:\Users\bheemk\.m2\repository\org\seleniumhq\selenium\htmlunit-driver\2.33.1\htmlunit-driver-2.33.1.jar;C:\Users\bheemk\.m2\repository\io\appium\java-client\6.1.0\java-client-6.1.0.jar;C:\Users\bheemk\.m2\repository\commons-validator\commons-validator\1.6\commons-validator-1.6.jar;C:\Users\bheemk\.m2\repository\commons-beanutils\commons-beanutils\1.9.2\commons-beanutils-1.9.2.jar;C:\Users\bheemk\.m2\repository\commons-digester\commons-digester\1.8.1\commons-digester-1.8.1.jar;C:\Users\bheemk\.m2\repository\org\springframework\spring-context\5.0.5.RELEASE\spring-context-5.0.5.RELEASE.jar;C:\Users\bheemk\.m2\repository\org\springframework\spring-aop\5.0.5.RELEASE\spring-aop-5.0.5.RELEASE.jar;C:\Users\bheemk\.m2\repository\org\springframework\spring-beans\5.0.5.RELEASE\spring-beans-5.0.5.RELEASE.jar;C:\Users\bheemk\.m2\repository\org\springframework\spring-core\5.0.5.RELEASE\spring-core-5.0.5.RELEASE.jar;C:\Users\bheemk\.m2\repository\org\springframework\spring-jcl\5.0.5.RELEASE\spring-jcl-5.0.5.RELEASE.jar;C:\Users\bheemk\.m2\repository\org\springframework\spring-expression\5.0.5.RELEASE\spring-expression-5.0.5.RELEASE.jar;C:\Users\bheemk\.m2\repository\org\aspectj\aspectjweaver\1.9.1\aspectjweaver-1.9.1.jar;C:\Users\bheemk\.m2\repository\org\openpnp\opencv\3.2.0-1\opencv-3.2.0-1.jar;C:\Users\bheemk\.m2\repository\org\glassfish\tyrus\tyrus-core\1.13.1\tyrus-core-1.13.1.jar;C:\Users\bheemk\.m2\repository\org\glassfish\tyrus\tyrus-spi\1.13.1\tyrus-spi-1.13.1.jar;C:\Users\bheemk\.m2\repository\javax\websocket\javax.websocket-api\1.1\javax.websocket-api-1.1.jar;C:\Users\bheemk\.m2\repository\org\codehaus\groovy\groovy\2.5.5\groovy-2.5.5.jar;C:\Users\bheemk\.m2\repository\net\sf\opencsv\opencsv\2.0\opencsv-2.0.jar;C:\Users\bheemk\.m2\repository\commons-beanutils\commons-beanutils-core\1.8.3\commons-beanutils-core-1.8.3.jar;C:\Users\bheemk\.m2\repository\joda-time\joda-time\2.7\joda-time-2.7.jar;C:\Users\bheemk\.m2\repository\com\thoughtworks\xstream\xstream\1.4.9\xstream-1.4.9.jar;C:\Users\bheemk\.m2\repository\xmlpull\xmlpull\1.1.3.1\xmlpull-1.1.3.1.jar;C:\Users\bheemk\.m2\repository\xpp3\xpp3_min\1.1.4c\xpp3_min-1.1.4c.jar;C:\Users\bheemk\.m2\repository\org\apache\commons\commons-lang3\3.8.1\commons-lang3-3.8.1.jar;C:\Users\bheemk\.m2\repository\commons-collections\commons-collections\3.2.2\commons-collections-3.2.2.jar;C:\Users\bheemk\.m2\repository\org\freemarker\freemarker\2.3.28\freemarker-2.3.28.jar;C:\Users\bheemk\.m2\repository\net\sourceforge\jexcelapi\jxl\2.6.12\jxl-2.6.12.jar;C:\Users\bheemk\.m2\repository\org\hamcrest\hamcrest-core\1.3\hamcrest-core-1.3.jar;C:\Users\bheemk\.m2\repository\org\hamcrest\hamcrest-library\1.3\hamcrest-library-1.3.jar;C:\Users\bheemk\.m2\repository\net\sourceforge\htmlunit\htmlunit\2.33\htmlunit-2.33.jar;C:\Users\bheemk\.m2\repository\net\sourceforge\htmlunit\htmlunit-core-js\2.33\htmlunit-core-js-2.33.jar;C:\Users\bheemk\.m2\repository\net\sourceforge\htmlunit\neko-htmlunit\2.33\neko-htmlunit-2.33.jar;C:\Users\bheemk\.m2\repository\xerces\xercesImpl\2.12.0\xercesImpl-2.12.0.jar;C:\Users\bheemk\.m2\repository\net\sourceforge\htmlunit\htmlunit-cssparser\1.2.0\htmlunit-cssparser-1.2.0.jar;C:\Users\bheemk\.m2\repository\org\eclipse\jetty\websocket\websocket-client\9.4.12.v20180830\websocket-client-9.4.12.v20180830.jar;C:\Users\bheemk\.m2\repository\org\eclipse\jetty\jetty-client\9.4.12.v20180830\jetty-client-9.4.12.v20180830.jar;C:\Users\bheemk\.m2\repository\org\eclipse\jetty\jetty-http\9.4.12.v20180830\jetty-http-9.4.12.v20180830.jar;C:\Users\bheemk\.m2\repository\org\eclipse\jetty\jetty-xml\9.4.12.v20180830\jetty-xml-9.4.12.v20180830.jar;C:\Users\bheemk\.m2\repository\org\eclipse\jetty\websocket\websocket-common\9.4.12.v20180830\websocket-common-9.4.12.v20180830.jar;C:\Users\bheemk\.m2\repository\org\eclipse\jetty\websocket\websocket-api\9.4.12.v20180830\websocket-api-9.4.12.v20180830.jar;C:\Users\bheemk\.m2\repository\org\apache\httpcomponents\httpclient\4.5.5\httpclient-4.5.5.jar;C:\Users\bheemk\.m2\repository\org\apache\httpcomponents\httpcore\4.4.9\httpcore-4.4.9.jar;C:\Users\bheemk\.m2\repository\org\apache\httpcomponents\httpmime\4.5.5\httpmime-4.5.5.jar;C:\Users\bheemk\.m2\repository\org\fluentlenium\fluentlenium-core\0.10.2\fluentlenium-core-0.10.2.jar;C:\Users\bheemk\.m2\repository\com\jhlabs\filters\2.0.235\filters-2.0.235.jar;C:\Users\bheemk\.m2\repository\org\asciidoctor\asciidoctorj\1.5.6\asciidoctorj-1.5.6.jar;C:\Users\bheemk\.m2\repository\org\jruby\jruby-complete\1.7.26\jruby-complete-1.7.26.jar;C:\Users\bheemk\.m2\repository\org\imgscalr\imgscalr-lib\4.2\imgscalr-lib-4.2.jar;C:\Users\bheemk\.m2\repository\javax\el\javax.el-api\2.2.4\javax.el-api-2.2.4.jar;C:\Users\bheemk\.m2\repository\org\glassfish\web\javax.el\2.2.4\javax.el-2.2.4.jar;C:\Users\bheemk\.m2\repository\xalan\xalan\2.7.2\xalan-2.7.2.jar;C:\Users\bheemk\.m2\repository\xalan\serializer\2.7.2\serializer-2.7.2.jar;C:\Users\bheemk\.m2\repository\org\awaitility\awaitility\3.1.0\awaitility-3.1.0.jar;C:\Users\bheemk\.m2\repository\com\typesafe\config\1.3.1\config-1.3.1.jar;C:\Users\bheemk\.m2\repository\org\jsoup\jsoup\1.10.3\jsoup-1.10.3.jar;C:\Users\bheemk\.m2\repository\com\google\jimfs\jimfs\1.1\jimfs-1.1.jar;C:\Users\bheemk\.m2\repository\es\nitaur\markdown\txtmark\0.16\txtmark-0.16.jar;C:\Users\bheemk\.m2\repository\com\vladsch\flexmark\flexmark-all\0.34.30\flexmark-all-0.34.30.jar;C:\Users\bheemk\.m2\repository\com\vladsch\flexmark\flexmark\0.34.30\flexmark-0.34.30.jar;C:\Users\bheemk\.m2\repository\com\vladsch\flexmark\flexmark-ext-abbreviation\0.34.30\flexmark-ext-abbreviation-0.34.30.jar;C:\Users\bheemk\.m2\repository\com\vladsch\flexmark\flexmark-ext-admonition\0.34.30\flexmark-ext-admonition-0.34.30.jar;C:\Users\bheemk\.m2\repository\com\vladsch\flexmark\flexmark-ext-anchorlink\0.34.30\flexmark-ext-anchorlink-0.34.30.jar;C:\Users\bheemk\.m2\repository\com\vladsch\flexmark\flexmark-ext-aside\0.34.30\flexmark-ext-aside-0.34.30.jar;C:\Users\bheemk\.m2\repository\com\vladsch\flexmark\flexmark-ext-attributes\0.34.30\flexmark-ext-attributes-0.34.30.jar;C:\Users\bheemk\.m2\repository\com\vladsch\flexmark\flexmark-ext-autolink\0.34.30\flexmark-ext-autolink-0.34.30.jar;C:\Users\bheemk\.m2\repository\org\nibor\autolink\autolink\0.6.0\autolink-0.6.0.jar;C:\Users\bheemk\.m2\repository\com\vladsch\flexmark\flexmark-ext-definition\0.34.30\flexmark-ext-definition-0.34.30.jar;C:\Users\bheemk\.m2\repository\com\vladsch\flexmark\flexmark-ext-emoji\0.34.30\flexmark-ext-emoji-0.34.30.jar;C:\Users\bheemk\.m2\repository\com\vladsch\flexmark\flexmark-ext-enumerated-reference\0.34.30\flexmark-ext-enumerated-reference-0.34.30.jar;C:\Users\bheemk\.m2\repository\com\vladsch\flexmark\flexmark-ext-escaped-character\0.34.30\flexmark-ext-escaped-character-0.34.30.jar;C:\Users\bheemk\.m2\repository\com\vladsch\flexmark\flexmark-ext-footnotes\0.34.30\flexmark-ext-footnotes-0.34.30.jar;C:\Users\bheemk\.m2\repository\com\vladsch\flexmark\flexmark-ext-gfm-issues\0.34.30\flexmark-ext-gfm-issues-0.34.30.jar;C:\Users\bheemk\.m2\repository\com\vladsch\flexmark\flexmark-ext-gfm-strikethrough\0.34.30\flexmark-ext-gfm-strikethrough-0.34.30.jar;C:\Users\bheemk\.m2\repository\com\vladsch\flexmark\flexmark-ext-gfm-tables\0.34.30\flexmark-ext-gfm-tables-0.34.30.jar;C:\Users\bheemk\.m2\repository\com\vladsch\flexmark\flexmark-ext-gfm-tasklist\0.34.30\flexmark-ext-gfm-tasklist-0.34.30.jar;C:\Users\bheemk\.m2\repository\com\vladsch\flexmark\flexmark-ext-gfm-users\0.34.30\flexmark-ext-gfm-users-0.34.30.jar;C:\Users\bheemk\.m2\repository\com\vladsch\flexmark\flexmark-ext-gitlab\0.34.30\flexmark-ext-gitlab-0.34.30.jar;C:\Users\bheemk\.m2\repository\com\vladsch\flexmark\flexmark-ext-jekyll-front-matter\0.34.30\flexmark-ext-jekyll-front-matter-0.34.30.jar;C:\Users\bheemk\.m2\repository\com\vladsch\flexmark\flexmark-ext-jekyll-tag\0.34.30\flexmark-ext-jekyll-tag-0.34.30.jar;C:\Users\bheemk\.m2\repository\com\vladsch\flexmark\flexmark-ext-media-tags\0.34.30\flexmark-ext-media-tags-0.34.30.jar;C:\Users\bheemk\.m2\repository\com\vladsch\flexmark\flexmark-test-util\0.34.30\flexmark-test-util-0.34.30.jar;C:\Users\bheemk\.m2\repository\com\vladsch\flexmark\flexmark-ext-ins\0.34.30\flexmark-ext-ins-0.34.30.jar;C:\Users\bheemk\.m2\repository\com\vladsch\flexmark\flexmark-ext-xwiki-macros\0.34.30\flexmark-ext-xwiki-macros-0.34.30.jar;C:\Users\bheemk\.m2\repository\com\vladsch\flexmark\flexmark-ext-superscript\0.34.30\flexmark-ext-superscript-0.34.30.jar;C:\Users\bheemk\.m2\repository\com\vladsch\flexmark\flexmark-ext-tables\0.34.30\flexmark-ext-tables-0.34.30.jar;C:\Users\bheemk\.m2\repository\com\vladsch\flexmark\flexmark-ext-toc\0.34.30\flexmark-ext-toc-0.34.30.jar;C:\Users\bheemk\.m2\repository\com\vladsch\flexmark\flexmark-ext-typographic\0.34.30\flexmark-ext-typographic-0.34.30.jar;C:\Users\bheemk\.m2\repository\com\vladsch\flexmark\flexmark-ext-wikilink\0.34.30\flexmark-ext-wikilink-0.34.30.jar;C:\Users\bheemk\.m2\repository\com\vladsch\flexmark\flexmark-ext-yaml-front-matter\0.34.30\flexmark-ext-yaml-front-matter-0.34.30.jar;C:\Users\bheemk\.m2\repository\com\vladsch\flexmark\flexmark-ext-youtube-embedded\0.34.30\flexmark-ext-youtube-embedded-0.34.30.jar;C:\Users\bheemk\.m2\repository\com\vladsch\flexmark\flexmark-formatter\0.34.30\flexmark-formatter-0.34.30.jar;C:\Users\bheemk\.m2\repository\com\vladsch\flexmark\flexmark-html-parser\0.34.30\flexmark-html-parser-0.34.30.jar;C:\Users\bheemk\.m2\repository\com\vladsch\flexmark\flexmark-jira-converter\0.34.30\flexmark-jira-converter-0.34.30.jar;C:\Users\bheemk\.m2\repository\com\vladsch\flexmark\flexmark-pdf-converter\0.34.30\flexmark-pdf-converter-0.34.30.jar;C:\Users\bheemk\.m2\repository\com\openhtmltopdf\openhtmltopdf-core\0.0.1-RC13\openhtmltopdf-core-0.0.1-RC13.jar;C:\Users\bheemk\.m2\repository\com\openhtmltopdf\openhtmltopdf-pdfbox\0.0.1-RC13\openhtmltopdf-pdfbox-0.0.1-RC13.jar;C:\Users\bheemk\.m2\repository\org\apache\pdfbox\pdfbox\2.0.8\pdfbox-2.0.8.jar;C:\Users\bheemk\.m2\repository\org\apache\pdfbox\fontbox\2.0.8\fontbox-2.0.8.jar;C:\Users\bheemk\.m2\repository\org\apache\pdfbox\xmpbox\2.0.8\xmpbox-2.0.8.jar;C:\Users\bheemk\.m2\repository\de\rototor\pdfbox\graphics2d\0.12\graphics2d-0.12.jar;C:\Users\bheemk\.m2\repository\com\openhtmltopdf\openhtmltopdf-rtl-support\0.0.1-RC13\openhtmltopdf-rtl-support-0.0.1-RC13.jar;C:\Users\bheemk\.m2\repository\com\ibm\icu\icu4j\59.1\icu4j-59.1.jar;C:\Users\bheemk\.m2\repository\com\openhtmltopdf\openhtmltopdf-jsoup-dom-converter\0.0.1-RC13\openhtmltopdf-jsoup-dom-converter-0.0.1-RC13.jar;C:\Users\bheemk\.m2\repository\com\vladsch\flexmark\flexmark-profile-pegdown\0.34.30\flexmark-profile-pegdown-0.34.30.jar;C:\Users\bheemk\.m2\repository\com\vladsch\flexmark\flexmark-util\0.34.30\flexmark-util-0.34.30.jar;C:\Users\bheemk\.m2\repository\com\vladsch\flexmark\flexmark-youtrack-converter\0.34.30\flexmark-youtrack-converter-0.34.30.jar;C:\Users\bheemk\.m2\repository\net\serenity-bdd\serenity-junit\2.0.46\serenity-junit-2.0.46.jar;C:\Users\bheemk\.m2\repository\net\serenity-bdd\serenity-screenplay\2.0.46\serenity-screenplay-2.0.46.jar;C:\Users\bheemk\.m2\repository\uk\com\robust-it\cloning\1.9.10\cloning-1.9.10.jar;C:\Users\bheemk\.m2\repository\net\serenity-bdd\serenity-screenplay-webdriver\2.0.46\serenity-screenplay-webdriver-2.0.46.jar;C:\Users\bheemk\.m2\repository\net\serenity-bdd\serenity-cucumber\1.9.35\serenity-cucumber-1.9.35.jar;C:\Users\bheemk\.m2\repository\io\cucumber\cucumber-java\2.4.0\cucumber-java-2.4.0.jar;C:\Users\bheemk\.m2\repository\io\cucumber\cucumber-junit\2.4.0\cucumber-junit-2.4.0.jar;C:\Users\bheemk\.m2\repository\org\apache\commons\commons-csv\1.5\commons-csv-1.5.jar;C:\Users\bheemk\.m2\repository\junit\junit\4.12\junit-4.12.jar;C:\Users\bheemk\.m2\repository\org\assertj\assertj-core\3.6.2\assertj-core-3.6.2.jar;C:\Users\bheemk\.m2\repository\io\rest-assured\rest-assured\3.0.0\rest-assured-3.0.0.jar;C:\Users\bheemk\.m2\repository\org\codehaus\groovy\groovy-xml\2.4.6\groovy-xml-2.4.6.jar;C:\Users\bheemk\.m2\repository\org\ccil\cowan\tagsoup\tagsoup\1.2.1\tagsoup-1.2.1.jar;C:\Users\bheemk\.m2\repository\io\rest-assured\json-path\3.0.0\json-path-3.0.0.jar;C:\Users\bheemk\.m2\repository\org\codehaus\groovy\groovy-json\2.4.6\groovy-json-2.4.6.jar;C:\Users\bheemk\.m2\repository\io\rest-assured\rest-assured-common\3.0.0\rest-assured-common-3.0.0.jar;C:\Users\bheemk\.m2\repository\io\rest-assured\xml-path\3.0.0\xml-path-3.0.0.jar;C:\Users\bheemk\.m2\repository\org\hamcrest\hamcrest-all\1.3\hamcrest-all-1.3.jar;"/>
    <property name="sun.cpu.endian" value="little"/>
    <property name="user.home" value="C:\Users\bheemk"/>
    <property name="user.language" value="en"/>
    <property name="java.specification.vendor" value="Oracle Corporation"/>
    <property name="java.version.date" value="2019-04-16"/>
    <property name="java.home" value="C:\Program Files\Java\jdk-12.0.1"/>
    <property name="file.separator" value="\"/>
    <property name="basedir" value="C:\Users\bheemk\IdeaProjects\Salesforce"/>
    <property name="java.vm.compressedOopsMode" value="32-bit"/>
    <property name="line.separator" value="&#10;"/>
    <property name="java.vm.specification.vendor" value="Oracle Corporation"/>
    <property name="java.specification.name" value="Java Platform API Specification"/>
    <property name="java.awt.graphicsenv" value="sun.awt.Win32GraphicsEnvironment"/>
    <property name="surefire.real.class.path" value="C:\Users\bheemk\AppData\Local\Temp\2\surefire5420869611672838478\surefirebooter11653875454031457401.jar"/>
    <property name="user.script" value=""/>
    <property name="sun.management.compiler" value="HotSpot 64-Bit Tiered Compilers"/>
    <property name="java.runtime.version" value="12.0.1+12"/>
    <property name="user.name" value="bheemk"/>
    <property name="path.separator" value=";"/>
    <property name="os.version" value="10.0"/>
    <property name="java.runtime.name" value="Java(TM) SE Runtime Environment"/>
    <property name="file.encoding" value="Cp1252"/>
    <property name="webdriver.base.url" value=""/>
    <property name="java.vm.name" value="Java HotSpot(TM) 64-Bit Server VM"/>
    <property name="localRepository" value="C:\Users\bheemk\.m2\repository"/>
    <property name="java.vendor.url.bug" value="https://bugreport.java.com/bugreport/"/>
    <property name="java.io.tmpdir" value="C:\Users\bheemk\AppData\Local\Temp\2\"/>
    <property name="java.version" value="12.0.1"/>
    <property name="user.dir" value="C:\Users\bheemk\IdeaProjects\Salesforce"/>
    <property name="os.arch" value="amd64"/>
    <property name="java.vm.specification.name" value="Java Virtual Machine Specification"/>
    <property name="sun.os.patch.level" value=""/>
    <property name="idea.version2019.1.1" value="true"/>
    <property name="java.library.path" value="C:\Program Files\Java\jdk-12.0.1\bin;C:\Windows\Sun\Java\bin;C:\Windows\system32;C:\Windows;C:\Windows\system32;C:\Windows;C:\Windows\System32\Wbem;C:\Windows\System32\WindowsPowerShell\v1.0\;C:\Program Files\Amazon\cfn-bootstrap\;C:\Users\bheemk\AppData\Local\Microsoft\WindowsApps;;."/>
    <property name="java.vm.info" value="mixed mode, sharing"/>
    <property name="java.vendor" value="Oracle Corporation"/>
    <property name="java.vm.version" value="12.0.1+12"/>
    <property name="sun.io.unicode.encoding" value="UnicodeLittle"/>
    <property name="java.class.version" value="56.0"/>
  </properties>
  <testcase name="Login to Salesforce URL and Set Supporter level as Key Supporter" classname="Set Supporter Level as Key Supporter and verify the details" time="42.553">
    <error message="&quot;I retrieve Name, Supporter Level and Levels of service fields under Details Page&quot; matches more than one step definition:&#10;  &quot;^I retrieve (.*) and (.*) fields under Details Page$&quot; in SalesforceStepDefinitions.i_retrieve_details_High_NotApplicablr(String,String)&#10;  &quot;^I retrieve (.*), (.*) and (.*) fields under Details Page$&quot; in SalesforceStepDefinitions.i_retrieve_details(String,String,String)&#10;" type="cucumber.runtime.AmbiguousStepDefinitionsException">cucumber.runtime.AmbiguousStepDefinitionsException: 
"I retrieve Name, Supporter Level and Levels of service fields under Details Page" matches more than one step definition:
  "^I retrieve (.*) and (.*) fields under Details Page$" in SalesforceStepDefinitions.i_retrieve_details_High_NotApplicablr(String,String)
  "^I retrieve (.*), (.*) and (.*) fields under Details Page$" in SalesforceStepDefinitions.i_retrieve_details(String,String,String)

</error>
    <system-out><![CDATA[16:49:04.355 [main] DEBUG n.t.c.u.PropertiesFileLocalPreferences - LOADING LOCAL PROPERTIES FROM C:\Users\bheemk\IdeaProjects\Salesforce\serenity.properties 
16:49:04.370 [main] DEBUG n.t.c.u.PropertiesFileLocalPreferences - LOADING LOCAL PROPERTIES FROM C:\Users\bheemk\IdeaProjects\Salesforce\serenity.properties 
16:49:04.370 [main] DEBUG n.t.c.u.PropertiesFileLocalPreferences - LOADING LOCAL PROPERTIES FROM C:\Users\bheemk\IdeaProjects\Salesforce\serenity.properties 
16:49:04.417 [main] DEBUG n.t.c.u.PropertiesFileLocalPreferences - environments.default.browser.name=chrome;
16:49:04.417 [main] DEBUG n.t.c.u.PropertiesFileLocalPreferences - environments.staging.webdriver.base.url=https://oxfamaus--sprint6dev.cs73.my.salesforce.com/
16:49:04.417 [main] DEBUG n.t.c.u.PropertiesFileLocalPreferences - environments.default.Supporter.API.Password=Oxfam@132
16:49:04.417 [main] DEBUG n.t.c.u.PropertiesFileLocalPreferences - environments.default.Salesforce.password=Oxfam@123
16:49:04.417 [main] DEBUG n.t.c.u.PropertiesFileLocalPreferences - environments.default.Supporter.API.Username=esb_integration
16:49:04.417 [main] DEBUG n.t.c.u.PropertiesFileLocalPreferences - environments.default.Salesforce.username=bheemk@oxfam.org.au.sprint6dev
16:49:04.417 [main] DEBUG n.t.c.u.PropertiesFileLocalPreferences - environments.default.webdriver.base.disable_notifications=--disable-notifications
16:49:04.417 [main] DEBUG n.t.c.u.PropertiesFileLocalPreferences - environments.default.webdriver.chrome.driver=src/test/resources/webdriver/windows/chromedriver.exe
16:49:04.417 [main] DEBUG n.t.c.u.PropertiesFileLocalPreferences - environments.default.Supporter.API.endpoint.online.channel=https://supporters-api-v2-development.au-s1.cloudhub.io/api/v2/supporter/gift
16:49:04.417 [main] DEBUG n.t.c.u.PropertiesFileLocalPreferences - environments.default.webdriver.base.url=https://oxfamaus--sprint6dev.cs73.my.salesforce.com/
16:49:04.417 [main] DEBUG n.t.c.u.PropertiesFileLocalPreferences - environments.prod.webdriver.base.url=https://oxfamaus--sprint6dev.cs73.my.salesforce.com/
16:49:04.417 [main] DEBUG n.t.c.u.PropertiesFileLocalPreferences - environments.dev.webdriver.base.url=https://oxfamaus--sprint6dev.cs73.my.salesforce.com/
16:49:04.417 [main] DEBUG n.t.c.u.PropertiesFileLocalPreferences - environments.default.webdriver.name.chrome=webdriver.chrome.driver
16:49:04.417 [main] DEBUG n.t.c.u.PropertiesFileLocalPreferences - environments.default.JSON.file.path.name.online.channel=src/test/java/RestAPITest/JSONfiles/Supporters_API_Online_Channel.json
16:49:04.433 [main] DEBUG n.t.c.u.PropertiesFileLocalPreferences - serenity.take.screenshots.for.tasks=after_each_step
16:49:04.433 [main] DEBUG n.t.c.u.PropertiesFileLocalPreferences - serenity.take.screenshots.for.questions=after_each_step
16:49:04.433 [main] DEBUG n.t.c.u.PropertiesFileLocalPreferences - serenity.take.screenshots.for.interactions=for_failure
16:49:05.230 [main] DEBUG n.t.c.u.PropertiesFileLocalPreferences - LOADING LOCAL PROPERTIES FROM C:\Users\bheemk\IdeaProjects\Salesforce\serenity.properties 
16:49:05.230 [main] DEBUG n.t.c.u.PropertiesFileLocalPreferences - LOADING LOCAL PROPERTIES FROM C:\Users\bheemk\IdeaProjects\Salesforce\serenity.properties 
16:49:05.230 [main] DEBUG n.t.c.u.PropertiesFileLocalPreferences - LOADING LOCAL PROPERTIES FROM C:\Users\bheemk\IdeaProjects\Salesforce\serenity.properties 
16:49:05.230 [main] DEBUG n.t.c.u.PropertiesFileLocalPreferences - environments.default.browser.name=chrome;
16:49:05.230 [main] DEBUG n.t.c.u.PropertiesFileLocalPreferences - environments.staging.webdriver.base.url=https://oxfamaus--sprint6dev.cs73.my.salesforce.com/
16:49:05.230 [main] DEBUG n.t.c.u.PropertiesFileLocalPreferences - environments.default.Supporter.API.Password=Oxfam@132
16:49:05.230 [main] DEBUG n.t.c.u.PropertiesFileLocalPreferences - environments.default.Salesforce.password=Oxfam@123
16:49:05.230 [main] DEBUG n.t.c.u.PropertiesFileLocalPreferences - environments.default.Supporter.API.Username=esb_integration
16:49:05.230 [main] DEBUG n.t.c.u.PropertiesFileLocalPreferences - environments.default.Salesforce.username=bheemk@oxfam.org.au.sprint6dev
16:49:05.230 [main] DEBUG n.t.c.u.PropertiesFileLocalPreferences - environments.default.webdriver.base.disable_notifications=--disable-notifications
16:49:05.230 [main] DEBUG n.t.c.u.PropertiesFileLocalPreferences - environments.default.webdriver.chrome.driver=src/test/resources/webdriver/windows/chromedriver.exe
16:49:05.230 [main] DEBUG n.t.c.u.PropertiesFileLocalPreferences - environments.default.Supporter.API.endpoint.online.channel=https://supporters-api-v2-development.au-s1.cloudhub.io/api/v2/supporter/gift
16:49:05.230 [main] DEBUG n.t.c.u.PropertiesFileLocalPreferences - environments.default.webdriver.base.url=https://oxfamaus--sprint6dev.cs73.my.salesforce.com/
16:49:05.230 [main] DEBUG n.t.c.u.PropertiesFileLocalPreferences - environments.prod.webdriver.base.url=https://oxfamaus--sprint6dev.cs73.my.salesforce.com/
16:49:05.230 [main] DEBUG n.t.c.u.PropertiesFileLocalPreferences - environments.dev.webdriver.base.url=https://oxfamaus--sprint6dev.cs73.my.salesforce.com/
16:49:05.230 [main] DEBUG n.t.c.u.PropertiesFileLocalPreferences - environments.default.webdriver.name.chrome=webdriver.chrome.driver
16:49:05.230 [main] DEBUG n.t.c.u.PropertiesFileLocalPreferences - environments.default.JSON.file.path.name.online.channel=src/test/java/RestAPITest/JSONfiles/Supporters_API_Online_Channel.json
16:49:05.230 [main] DEBUG n.t.c.u.PropertiesFileLocalPreferences - serenity.take.screenshots.for.tasks=after_each_step
16:49:05.230 [main] DEBUG n.t.c.u.PropertiesFileLocalPreferences - serenity.take.screenshots.for.questions=after_each_step
16:49:05.230 [main] DEBUG n.t.c.u.PropertiesFileLocalPreferences - serenity.take.screenshots.for.interactions=for_failure
16:49:05.261 [main] INFO  n.t.c.steps.ConsoleLoggingListener - 

-------------------------------------------------------------------------------------
     _______. _______ .______       _______ .__   __.  __  .___________.____    ____ 
    /       ||   ____||   _  \     |   ____||  \ |  | |  | |           |\   \  /   / 
   |   (----`|  |__   |  |_)  |    |  |__   |   \|  | |  | `---|  |----` \   \/   /  
    \   \    |   __|  |      /     |   __|  |  . `  | |  |     |  |       \_    _/   
.----)   |   |  |____ |  |\  \----.|  |____ |  |\   | |  |     |  |         |  |     
|_______/    |_______|| _| `._____||_______||__| \__| |__|     |__|         |__|    
                                                                                     
 News and tutorials at http://www.serenity-bdd.info                                  
 Documentation at https://wakaleo.gitbooks.io/the-serenity-book/content/             
 Join the Serenity Community on Rocket Chat at https://serenity-bdd.rocket.chat      
 Serenity BDD Support and Training at http://serenity-bdd.info/#/trainingandsupport  
 Learn Serenity BDD online at http://serenity-dojo.com                               
-------------------------------------------------------------------------------------

16:49:05.323 [main] DEBUG n.thucydides.core.steps.StepEventBus - Test suite started for story net.thucydides.core.model.Story@a0df01b
16:49:05.355 [main] INFO  n.t.c.steps.ConsoleLoggingListener - Test Suite Started: Set Supporter Level as Key Supporter and verify the details
16:49:06.183 [pool-1-thread-1] INFO  n.t.c.steps.ConsoleLoggingListener - 
 _____ _____ ____ _____   ____ _____  _    ____ _____ _____ ____  
|_   _| ____/ ___|_   _| / ___|_   _|/ \  |  _ \_   _| ____|  _ \ 
  | | |  _| \___ \ | |   \___ \ | | / _ \ | |_) || | |  _| | | | |
  | | | |___ ___) || |    ___) || |/ ___ \|  _ < | | | |___| |_| |
  |_| |_____|____/ |_|   |____/ |_/_/   \_\_| \_\|_| |_____|____/ 
                                                                  

TEST STARTED: Login to Salesforce URL and Set Supporter level as Key Supporter
-------------------------------------------------------------------(set-supporter-level-as-key-supporter-and-verify-the-details;login-to-salesforce-url-and-set-supporter-level-as-key-supporter)
16:49:06.261 [pool-1-thread-1] DEBUG n.t.core.requirements.RootDirectory - Resource directories found in  in 31 ms: [src\test\resources]
16:49:06.292 [pool-1-thread-1] DEBUG n.t.core.requirements.RootDirectory - Resource directories found in C:\Users\bheemk\IdeaProjects\Salesforce in 16 ms: [C:\Users\bheemk\IdeaProjects\Salesforce\src\test\resources]
16:49:06.370 [pool-1-thread-1] DEBUG n.t.c.r.m.cucumber.CucumberParser - Found no Cucumber 4.x.x class cucumber.runtime.model.FeatureLoader try Cucumber 2.x.x 
16:49:06.386 [pool-1-thread-1] DEBUG n.t.c.r.m.cucumber.CucumberParser - Found no Cucumber 4.x.x class cucumber.runtime.model.FeatureLoader try Cucumber 2.x.x 
16:49:06.401 [pool-1-thread-1] DEBUG n.t.c.r.m.cucumber.CucumberParser - Found no Cucumber 4.x.x class cucumber.runtime.model.FeatureLoader try Cucumber 2.x.x 
16:49:06.401 [pool-1-thread-1] DEBUG n.t.c.r.m.cucumber.CucumberParser - Found no Cucumber 4.x.x class cucumber.runtime.model.FeatureLoader try Cucumber 2.x.x 
16:49:06.401 [pool-1-thread-1] DEBUG n.t.c.r.m.cucumber.CucumberParser - Found no Cucumber 4.x.x class cucumber.runtime.model.FeatureLoader try Cucumber 2.x.x 
16:49:06.433 [pool-1-thread-1] DEBUG n.t.c.r.m.cucumber.CucumberParser - Found no Cucumber 4.x.x class cucumber.runtime.model.FeatureLoader try Cucumber 2.x.x 
16:49:06.433 [pool-1-thread-1] DEBUG n.t.c.r.m.cucumber.CucumberParser - Found no Cucumber 4.x.x class cucumber.runtime.model.FeatureLoader try Cucumber 2.x.x 
16:49:06.448 [pool-1-thread-1] DEBUG n.t.c.r.m.cucumber.CucumberParser - Found no Cucumber 4.x.x class cucumber.runtime.model.FeatureLoader try Cucumber 2.x.x 
Feature: Set Supporter Level as Key Supporter and verify the details
  As a Salesforce user, login to Salesforce and set Supporter Level as
  "Key Supporter" and Verify the details

  Scenario Outline: Login to Salesforce URL and Set Supporter level as Key Supporter &amp#27;[90m# src/test/resources/features/KeySupporterLevelA.feature:5&amp#27;[0m
    &amp#27;[36mGiven I login to Salesforce URL&amp#27;[0m
    &amp#27;[36mWhen I click on Contacts Page&amp#27;[0m
    &amp#27;[36mAnd I enter following details under New Contact Page:&amp#27;[0m
    &amp#27;[36mAnd I select Key Supporter under Supporter level&amp#27;[0m
    &amp#27;[36mAnd I select Levels of service as A&amp#27;[0m
    &amp#27;[36mAnd I click on Save Button&amp#27;[0m
    &amp#27;[36mAnd I click on Details Tab&amp#27;[0m
    &amp#27;[36mAnd I retrieve Name, Supporter Level and Levels of service fields under Details Page&amp#27;[0m
    &amp#27;[36mThen I Verify Name and Supporter Level fields under Details page&amp#27;[0m

    Examples: 

  Scenario Outline: Login to Salesforce URL and Set Supporter level as Key Supporter     &amp#27;[90m# src/test/resources/features/KeySupporterLevelA.feature:20&amp#27;[0m
16:49:49.061 [pool-1-thread-1] DEBUG n.t.core.reports.ReportService - Reporting formats: [JSON, HTML]
16:49:49.449 [pool-1-thread-1] DEBUG n.t.core.reports.ReportService - Reporting formats: [JSON, HTML]
16:49:49.475 [pool-1-thread-1] DEBUG n.t.core.reports.ReportService - Generating reports for 1 test outcomes using: net.thucydides.core.reports.json.JSONTestOutcomeReporter@7395876c
16:49:49.492 [pool-1-thread-1] DEBUG n.t.c.r.j.JUnitXMLOutcomeReporter - GENERATING JUNIT REPORTS
16:49:49.546 [pool-1-thread-1] DEBUG n.t.core.reports.ReportService - Processing test outcome Set Supporter Level as Key Supporter and verify the details:Login to Salesforce URL and Set Supporter level as Key Supporter
16:49:49.546 [pool-1-thread-1] DEBUG n.t.core.reports.ReportService - net.thucydides.core.reports.json.JSONTestOutcomeReporter@7395876c: Generating report for test outcome: Set Supporter Level as Key Supporter and verify the details:Login to Salesforce URL and Set Supporter level as Key Supporter
16:49:49.560 [pool-1-thread-1] DEBUG n.t.c.r.json.JSONTestOutcomeReporter - Generating JSON report for Login to Salesforce URL and Set Supporter level as Key Supporter to file C:\Users\bheemk\IdeaProjects\Salesforce\target\site\serenity\2733bd82f0f8ad567819634e3a10338b7dcc270c9e2fb03f4ae618902fb7bdc4.json (using temp file C:\Users\bheemk\IdeaProjects\Salesforce\target\site\serenity\2733bd82f0f8ad567819634e3a10338b7dcc270c9e2fb03f4ae618902fb7bdc4.jsonb41459a6-c784-4cfe-a7ee-a6de7ad1f43b)
16:49:49.671 [pool-1-thread-1] DEBUG n.t.core.reports.ReportService - Processing test outcome Set Supporter Level as Key Supporter and verify the details:Login to Salesforce URL and Set Supporter level as Key Supporter done
16:49:50.149 [pool-1-thread-1] DEBUG n.t.core.reports.ReportService - Shutting down executor service
16:49:50.149 [pool-1-thread-1] DEBUG n.t.core.reports.ReportService - Reports generated in: 659 ms
16:49:50.149 [pool-1-thread-1] DEBUG n.t.core.reports.ReportService - Generating reports for 1 test outcomes using: net.thucydides.core.reports.html.HtmlAcceptanceTestReporter@4e0e0305
16:49:50.149 [pool-1-thread-1] DEBUG n.t.c.r.j.JUnitXMLOutcomeReporter - GENERATING JUNIT REPORTS
16:49:50.172 [pool-2-thread-1] DEBUG n.t.core.reports.ReportService - Processing test outcome Set Supporter Level as Key Supporter and verify the details:Login to Salesforce URL and Set Supporter level as Key Supporter
16:49:50.173 [pool-2-thread-1] DEBUG n.t.core.reports.ReportService - net.thucydides.core.reports.html.HtmlAcceptanceTestReporter@4e0e0305: Generating report for test outcome: Set Supporter Level as Key Supporter and verify the details:Login to Salesforce URL and Set Supporter level as Key Supporter
16:49:50.174 [pool-2-thread-1] DEBUG n.t.c.r.h.HtmlAcceptanceTestReporter - GENERATE TEST OUTCOME REPORT FOR Login to Salesforce URL and Set Supporter level as Key Supporter in 2733bd82f0f8ad567819634e3a10338b7dcc270c9e2fb03f4ae618902fb7bdc4
16:49:50.210 [pool-2-thread-1] DEBUG n.t.c.r.m.cucumber.CucumberParser - Found no Cucumber 4.x.x class cucumber.runtime.model.FeatureLoader try Cucumber 2.x.x 
16:49:50.216 [pool-2-thread-1] DEBUG n.t.c.r.m.cucumber.CucumberParser - Found no Cucumber 4.x.x class cucumber.runtime.model.FeatureLoader try Cucumber 2.x.x 
16:49:50.219 [pool-2-thread-1] DEBUG n.t.c.r.m.cucumber.CucumberParser - Found no Cucumber 4.x.x class cucumber.runtime.model.FeatureLoader try Cucumber 2.x.x 
16:49:50.223 [pool-2-thread-1] DEBUG n.t.c.r.m.cucumber.CucumberParser - Found no Cucumber 4.x.x class cucumber.runtime.model.FeatureLoader try Cucumber 2.x.x 
16:49:50.227 [pool-2-thread-1] DEBUG n.t.c.r.m.cucumber.CucumberParser - Found no Cucumber 4.x.x class cucumber.runtime.model.FeatureLoader try Cucumber 2.x.x 
16:49:50.244 [pool-2-thread-1] DEBUG n.t.c.r.m.cucumber.CucumberParser - Found no Cucumber 4.x.x class cucumber.runtime.model.FeatureLoader try Cucumber 2.x.x 
16:49:50.252 [pool-2-thread-1] DEBUG n.t.c.r.m.cucumber.CucumberParser - Found no Cucumber 4.x.x class cucumber.runtime.model.FeatureLoader try Cucumber 2.x.x 
16:49:50.257 [pool-2-thread-1] DEBUG n.t.c.r.m.cucumber.CucumberParser - Found no Cucumber 4.x.x class cucumber.runtime.model.FeatureLoader try Cucumber 2.x.x 
16:49:50.258 [pool-2-thread-1] DEBUG n.t.c.r.RequirementsTagProvider -  found:[Requirement{name='Set Supporter Level as High Value and verify the details', type='feature' parent = 'null', cardNumber='null'}, Requirement{name='Set Supporter Level as Key Supporter and verify the details', type='feature' parent = 'null', cardNumber='null'}, Requirement{name='Salesforce login', type='feature' parent = 'null', cardNumber='null'}, Requirement{name='Calculator', type='feature' parent = 'null', cardNumber='null'}]
16:49:50.272 [pool-2-thread-1] DEBUG n.t.c.r.BaseRequirementsService - Requirement found for test outcome Login to Salesforce URL and Set Supporter level as Key Supporter-[]: Optional[Requirement{name='Set Supporter Level as Key Supporter and verify the details', type='feature' parent = 'null', cardNumber='null'}]
16:49:50.276 [pool-2-thread-1] DEBUG n.t.c.r.BaseRequirementsService - Requirement found for test outcome Login to Salesforce URL and Set Supporter level as Key Supporter-[]: Optional[Requirement{name='Set Supporter Level as Key Supporter and verify the details', type='feature' parent = 'null', cardNumber='null'}]
16:49:50.456 [pool-2-thread-1] DEBUG n.t.c.r.h.HtmlAcceptanceTestReporter - GENERATING HTML REPORT FOR Set Supporter Level as Key Supporter and verify the details:Login to Salesforce URL and Set Supporter level as Key Supporter in 2733bd82f0f8ad567819634e3a10338b7dcc270c9e2fb03f4ae618902fb7bdc4.html in directory target\site\serenity  
16:49:50.456 [pool-2-thread-1] DEBUG n.t.c.r.h.HtmlAcceptanceTestReporter - Generating report in 2733bd82f0f8ad567819634e3a10338b7dcc270c9e2fb03f4ae618902fb7bdc4.html
16:49:51.456 [pool-2-thread-1] DEBUG n.t.c.r.h.HtmlAcceptanceTestReporter - Generated report 2733bd82f0f8ad567819634e3a10338b7dcc270c9e2fb03f4ae618902fb7bdc4.html in 1000 ms
16:49:51.456 [pool-2-thread-1] DEBUG n.t.core.reports.ReportService - Processing test outcome Set Supporter Level as Key Supporter and verify the details:Login to Salesforce URL and Set Supporter level as Key Supporter done
16:49:51.456 [pool-1-thread-1] DEBUG n.t.core.reports.ReportService - Shutting down executor service
16:49:51.456 [pool-1-thread-1] DEBUG n.t.core.reports.ReportService - Reports generated in: 1307 ms

&amp#27;[31mAmbiguous scenarios:&amp#27;[0m
&amp#27;[31msrc/test/resources/features/KeySupporterLevelA.feature:20 &amp#27;[0m# Login to Salesforce URL and Set Supporter level as Key Supporter

1 Scenarios (&amp#27;[31m1 ambiguous&amp#27;[0m)
9 Steps (&amp#27;[31m1 ambiguous&amp#27;[0m, &amp#27;[36m1 skipped&amp#27;[0m, &amp#27;[32m7 passed&amp#27;[0m)
0m44.097s

cucumber.runtime.AmbiguousStepDefinitionsException: "I retrieve Name, Supporter Level and Levels of service fields under Details Page" matches more than one step definition:
  "^I retrieve (.*) and (.*) fields under Details Page$" in SalesforceStepDefinitions.i_retrieve_details_High_NotApplicablr(String,String)
  "^I retrieve (.*), (.*) and (.*) fields under Details Page$" in SalesforceStepDefinitions.i_retrieve_details(String,String,String)

	at cucumber.runtime.RuntimeGlue.stepDefinitionMatch(RuntimeGlue.java:80)
	at cucumber.runner.Runner.addTestStepsForPickleSteps(Runner.java:111)
	at cucumber.runner.Runner.createTestCaseForPickle(Runner.java:99)
	at cucumber.runner.Runner.runPickle(Runner.java:79)
	at cucumber.runtime.junit.PickleRunners$NoStepDescriptions.run(PickleRunners.java:140)
	at cucumber.runtime.junit.FeatureRunner.runChild(FeatureRunner.java:68)
	at cucumber.runtime.junit.FeatureRunner.runChild(FeatureRunner.java:23)
	at org.junit.runners.ParentRunner$3.run(ParentRunner.java:290)
	at org.junit.runners.ParentRunner$1.schedule(ParentRunner.java:71)
	at org.junit.runners.ParentRunner.runChildren(ParentRunner.java:288)
	at org.junit.runners.ParentRunner.access$000(ParentRunner.java:58)
	at org.junit.runners.ParentRunner$2.evaluate(ParentRunner.java:268)
	at org.junit.runners.ParentRunner.run(ParentRunner.java:363)
	at cucumber.runtime.junit.FeatureRunner.run(FeatureRunner.java:73)
	at cucumber.api.junit.Cucumber.runChild(Cucumber.java:118)
	at cucumber.api.junit.Cucumber.runChild(Cucumber.java:56)
	at org.junit.runners.ParentRunner$3.run(ParentRunner.java:290)
	at org.apache.maven.surefire.junitcore.pc.Scheduler$1.run(Scheduler.java:410)
	at org.apache.maven.surefire.junitcore.pc.InvokerStrategy.schedule(InvokerStrategy.java:54)
	at org.apache.maven.surefire.junitcore.pc.Scheduler.schedule(Scheduler.java:367)
	at org.junit.runners.ParentRunner.runChildren(ParentRunner.java:288)
	at org.junit.runners.ParentRunner.access$000(ParentRunner.java:58)
	at org.junit.runners.ParentRunner$2.evaluate(ParentRunner.java:268)
	at cucumber.api.junit.Cucumber$1.evaluate(Cucumber.java:127)
	at org.junit.runners.ParentRunner.run(ParentRunner.java:363)
	at org.junit.runners.Suite.runChild(Suite.java:128)
	at org.junit.runners.Suite.runChild(Suite.java:27)
	at org.junit.runners.ParentRunner$3.run(ParentRunner.java:290)
	at org.apache.maven.surefire.junitcore.pc.Scheduler$1.run(Scheduler.java:410)
	at java.base/java.util.concurrent.Executors$RunnableAdapter.call(Executors.java:515)
	at java.base/java.util.concurrent.FutureTask.run(FutureTask.java:264)
	at java.base/java.util.concurrent.ThreadPoolExecutor.runWorker(ThreadPoolExecutor.java:1128)
	at java.base/java.util.concurrent.ThreadPoolExecutor$Worker.run(ThreadPoolExecutor.java:628)
	at java.base/java.lang.Thread.run(Thread.java:835)

16:49:12.700 [pool-1-thread-1] DEBUG n.t.core.steps.StepInterceptor - STARTING STEP: SalesforceStepDefinitions.i_login_to_Salesforce_URL - Open the Salesforce home page
16:49:23.916 [pool-1-thread-1] DEBUG n.t.core.steps.StepInterceptor - STEP DONE: Open the Salesforce home page
    &amp#27;[32mGiven &amp#27;[0m&amp#27;[32mI login to Salesforce URL&amp#27;[0m                                                      &amp#27;[90m# SalesforceStepDefinitions.i_login_to_Salesforce_URL()&amp#27;[0m
    &amp#27;[32mWhen &amp#27;[0m&amp#27;[32mI click on Contacts Page&amp#27;[0m                                                        &amp#27;[90m# SalesforceStepDefinitions.i_click_on_contacts_page()&amp#27;[0m
    &amp#27;[32mAnd &amp#27;[0m&amp#27;[32mI enter following details under New Contact Page:&amp#27;[0m                                &amp#27;[90m# SalesforceStepDefinitions.i_enter_details(DataTable)&amp#27;[0m
    &amp#27;[32mAnd &amp#27;[0m&amp#27;[32mI select &amp#27;[0m&amp#27;[32m&amp#27;[1mKey Supporter&amp#27;[0m&amp#27;[32m under Supporter level&amp#27;[0m                                     &amp#27;[90m# SalesforceStepDefinitions.i_select(String)&amp#27;[0m
    &amp#27;[32mAnd &amp#27;[0m&amp#27;[32mI select &amp#27;[0m&amp#27;[32m&amp#27;[1mLevels of service&amp#27;[0m&amp#27;[32m as &amp#27;[0m&amp#27;[32m&amp#27;[1mA&amp#27;[0m                                                  &amp#27;[90m# SalesforceStepDefinitions.i_select_levels_of_service(String,String)&amp#27;[0m
    &amp#27;[32mAnd &amp#27;[0m&amp#27;[32mI click on &amp#27;[0m&amp#27;[32m&amp#27;[1mSave&amp#27;[0m&amp#27;[32m Button&amp#27;[0m                                                           &amp#27;[90m# SalesforceStepDefinitions.i_click_on_button(String)&amp#27;[0m
    &amp#27;[32mAnd &amp#27;[0m&amp#27;[32mI click on &amp#27;[0m&amp#27;[32m&amp#27;[1mDetails&amp#27;[0m&amp#27;[32m Tab&amp#27;[0m                                                           &amp#27;[90m# SalesforceStepDefinitions.i_click_on_tab(String)&amp#27;[0m
    &amp#27;[31mAnd &amp#27;[0m&amp#27;[31mI retrieve Name, Supporter Level and Levels of service fields under Details Page&amp#27;[0m &amp#27;[90m# null&amp#27;[0m
      &amp#27;[31mcucumber.runtime.AmbiguousStepDefinitionsException: "I retrieve Name, Supporter Level and Levels of service fields under Details Page" matches more than one step definition:
  "^I retrieve (.*) and (.*) fields under Details Page$" in SalesforceStepDefinitions.i_retrieve_details_High_NotApplicablr(String,String)
  "^I retrieve (.*), (.*) and (.*) fields under Details Page$" in SalesforceStepDefinitions.i_retrieve_details(String,String,String)

	at cucumber.runtime.RuntimeGlue.stepDefinitionMatch(RuntimeGlue.java:80)
	at cucumber.runner.Runner.addTestStepsForPickleSteps(Runner.java:111)
	at cucumber.runner.Runner.createTestCaseForPickle(Runner.java:99)
	at cucumber.runner.Runner.runPickle(Runner.java:79)
	at cucumber.runtime.junit.PickleRunners$NoStepDescriptions.run(PickleRunners.java:140)
	at cucumber.runtime.junit.FeatureRunner.runChild(FeatureRunner.java:68)
	at cucumber.runtime.junit.FeatureRunner.runChild(FeatureRunner.java:23)
	at org.junit.runners.ParentRunner$3.run(ParentRunner.java:290)
	at org.junit.runners.ParentRunner$1.schedule(ParentRunner.java:71)
	at org.junit.runners.ParentRunner.runChildren(ParentRunner.java:288)
	at org.junit.runners.ParentRunner.access$000(ParentRunner.java:58)
	at org.junit.runners.ParentRunner$2.evaluate(ParentRunner.java:268)
	at org.junit.runners.ParentRunner.run(ParentRunner.java:363)
	at cucumber.runtime.junit.FeatureRunner.run(FeatureRunner.java:73)
	at cucumber.api.junit.Cucumber.runChild(Cucumber.java:118)
	at cucumber.api.junit.Cucumber.runChild(Cucumber.java:56)
	at org.junit.runners.ParentRunner$3.run(ParentRunner.java:290)
	at org.apache.maven.surefire.junitcore.pc.Scheduler$1.run(Scheduler.java:410)
	at org.apache.maven.surefire.junitcore.pc.InvokerStrategy.schedule(InvokerStrategy.java:54)
	at org.apache.maven.surefire.junitcore.pc.Scheduler.schedule(Scheduler.java:367)
	at org.junit.runners.ParentRunner.runChildren(ParentRunner.java:288)
	at org.junit.runners.ParentRunner.access$000(ParentRunner.java:58)
	at org.junit.runners.ParentRunner$2.evaluate(ParentRunner.java:268)
	at cucumber.api.junit.Cucumber$1.evaluate(Cucumber.java:127)
	at org.junit.runners.ParentRunner.run(ParentRunner.java:363)
	at org.junit.runners.Suite.runChild(Suite.java:128)
	at org.junit.runners.Suite.runChild(Suite.java:27)
	at org.junit.runners.ParentRunner$3.run(ParentRunner.java:290)
	at org.apache.maven.surefire.junitcore.pc.Scheduler$1.run(Scheduler.java:410)
	at java.base/java.util.concurrent.Executors$RunnableAdapter.call(Executors.java:515)
	at java.base/java.util.concurrent.FutureTask.run(FutureTask.java:264)
	at java.base/java.util.concurrent.ThreadPoolExecutor.runWorker(ThreadPoolExecutor.java:1128)
	at java.base/java.util.concurrent.ThreadPoolExecutor$Worker.run(ThreadPoolExecutor.java:628)
	at java.base/java.lang.Thread.run(Thread.java:835)
&amp#27;[0m
    &amp#27;[36mThen &amp#27;[0m&amp#27;[36mI Verify Name and Supporter Level fields under Details page&amp#27;[0m                     &amp#27;[90m# SalesforceStepDefinitions.i_verify_details()&amp#27;[0m
16:49:49.039 [pool-1-thread-1] INFO  n.t.c.steps.ConsoleLoggingListener - 
        __    _____ _____ ____ _____   ____   _    ____  ____  _____ ____  
  _     \ \  |_   _| ____/ ___|_   _| |  _ \ / \  / ___|/ ___|| ____|  _ \ 
 (_)_____| |   | | |  _| \___ \ | |   | |_) / _ \ \___ \\___ \|  _| | | | |
  _|_____| |   | | | |___ ___) || |   |  __/ ___ \ ___) |___) | |___| |_| |
 (_)     | |   |_| |_____|____/ |_|   |_| /_/   \_\____/|____/|_____|____/ 
        /_/                                                                

TEST PASSED: Login to Salesforce URL and Set Supporter level as Key Supporter
----------------------------------------------------------------------------
]]></system-out>
    <system-err><![CDATA[Starting ChromeDriver 74.0.3729.6 (255758eccf3d244491b8a1317aa76e1ce10d57e9-refs/branch-heads/3729@{#29}) on port 46808
Only local connections are allowed.
Please protect ports used by ChromeDriver and related test frameworks to prevent access by malicious code.
[1559890150.610][WARNING]: This version of ChromeDriver has not been tested with Chrome version 75.
Jun. 07, 2019 4:49:12 PM org.openqa.selenium.remote.ProtocolHandshake createSession
INFO: Detected dialect: OSS
]]></system-err>
  </testcase>
</testsuite>